<?xml version="1.0" encoding="UTF-8"?>
<!-- Generated by org.testng.reporters.JUnitReportReporter -->
<testsuite hostname="sys" name="com.orangehrm.testsuite.Login" tests="2" failures="0" timestamp="20 Sep 2015 06:07:43 GMT" time="29.964" errors="0">
  <testcase name="loginTest" time="20.019" classname="com.orangehrm.testsuite.Login"/>
  <testcase name="loginTest" time="9.945" classname="com.orangehrm.testsuite.Login"/>
</testsuite> <!-- com.orangehrm.testsuite.Login -->
