<?xml version="1.0" encoding="UTF-8"?>
<!-- Generated by org.testng.reporters.JUnitReportReporter -->
<testsuite hostname="sys" name="com.orangehrm.testsuite.AddEmployee" tests="2" failures="0" timestamp="20 Sep 2015 06:07:43 GMT" time="121.493" errors="0">
  <testcase name="addEmployeeTest" time="55.319" classname="com.orangehrm.testsuite.AddEmployee"/>
  <testcase name="addEmployeeTest" time="66.174" classname="com.orangehrm.testsuite.AddEmployee"/>
</testsuite> <!-- com.orangehrm.testsuite.AddEmployee -->
