<?xml version="1.0" encoding="UTF-8"?>
<!-- Generated by org.testng.reporters.JUnitReportReporter -->
<testsuite hostname="sys" name="day22.Links" tests="1" failures="0" timestamp="18 Sep 2015 03:01:13 GMT" time="36.003" errors="0">
  <testcase name="linksTest" time="36.003" classname="day22.Links"/>
</testsuite> <!-- day22.Links -->
