<?xml version="1.0" encoding="UTF-8"?>
<!-- Generated by org.testng.reporters.JUnitReportReporter -->
<testsuite hostname="sys" name="day19.DatadrivenTesting2" tests="1" failures="0" timestamp="1 Sep 2015 03:20:39 GMT" time="34.881" errors="0">
  <testcase name="registrationTest" time="34.881" classname="day19.DatadrivenTesting2"/>
</testsuite> <!-- day19.DatadrivenTesting2 -->
