<?xml version="1.0" encoding="UTF-8"?>
<!-- Generated by org.testng.reporters.JUnitReportReporter -->
<testsuite hostname="sys" name="day22.GmailLogin" tests="1" failures="0" timestamp="5 Sep 2015 02:48:48 GMT" time="10.753" errors="0">
  <testcase name="loginTest" time="10.753" classname="day22.GmailLogin"/>
</testsuite> <!-- day22.GmailLogin -->
