<?xml version="1.0" encoding="UTF-8"?>
<!-- Generated by org.testng.reporters.JUnitReportReporter -->
<testsuite hostname="sys" name="day19.DatadrivenTesting1" tests="1" failures="0" timestamp="1 Sep 2015 02:52:50 GMT" time="64.372" errors="0">
  <testcase name="linkTest" time="64.372" classname="day19.DatadrivenTesting1"/>
</testsuite> <!-- day19.DatadrivenTesting1 -->
