<?xml version="1.0" encoding="UTF-8"?>
<!-- Generated by org.testng.reporters.JUnitReportReporter -->
<testsuite hostname="sys" name="day16.WebtableTesting1" tests="1" failures="0" timestamp="27 Aug 2015 02:28:54 GMT" time="26.394" errors="0">
  <testcase name="webtableTest" time="26.394" classname="day16.WebtableTesting1"/>
</testsuite> <!-- day16.WebtableTesting1 -->
