<?xml version="1.0" encoding="UTF-8"?>
<!-- Generated by org.testng.reporters.JUnitReportReporter -->
<testsuite hostname="sys" name="day16.WebtableTesting2" tests="1" failures="0" timestamp="27 Aug 2015 02:43:25 GMT" time="53.190" errors="0">
  <testcase name="webtableTest" time="53.190" classname="day16.WebtableTesting2"/>
</testsuite> <!-- day16.WebtableTesting2 -->
