<?xml version="1.0" encoding="UTF-8"?>
<!-- Generated by org.testng.reporters.JUnitReportReporter -->
<testsuite hostname="sys" name="day14.DragandDrop" tests="1" failures="0" timestamp="25 Aug 2015 03:39:16 GMT" time="20.325" errors="0">
  <testcase name="dragandDropTest" time="20.325" classname="day14.DragandDrop"/>
</testsuite> <!-- day14.DragandDrop -->
