<?xml version="1.0" encoding="UTF-8"?>
<!-- Generated by org.testng.reporters.JUnitReportReporter -->
<testsuite hostname="sys" name="day24.LinksTestingonGrid" tests="2" failures="0" timestamp="10 Sep 2015 02:59:39 GMT" time="110.384" errors="0">
  <testcase name="linkTest" time="57.196" classname="day24.LinksTestingonGrid"/>
  <testcase name="linkTest" time="53.188" classname="day24.LinksTestingonGrid"/>
</testsuite> <!-- day24.LinksTestingonGrid -->
