<?xml version="1.0" encoding="UTF-8"?>
<!-- Generated by org.testng.reporters.JUnitReportReporter -->
<testsuite hostname="sys" name="day13.CaptchaAutomation" tests="1" failures="0" timestamp="24 Aug 2015 03:05:46 GMT" time="30.293" errors="0">
  <testcase name="captchaTest" time="30.293" classname="day13.CaptchaAutomation"/>
</testsuite> <!-- day13.CaptchaAutomation -->
