<?xml version="1.0" encoding="UTF-8"?>
<!-- Generated by org.testng.reporters.JUnitReportReporter -->
<testsuite hostname="sys" name="day14.ExplicitWait_Webdriverwait" tests="1" failures="0" timestamp="25 Aug 2015 02:31:38 GMT" time="29.311" errors="0">
  <testcase name="waitTest" time="29.311" classname="day14.ExplicitWait_Webdriverwait"/>
</testsuite> <!-- day14.ExplicitWait_Webdriverwait -->
