<?xml version="1.0" encoding="UTF-8"?>
<!-- Generated by org.testng.reporters.JUnitReportReporter -->
<testsuite hostname="sys" name="day16.DynamicWebtable" tests="1" failures="0" timestamp="27 Aug 2015 03:00:54 GMT" time="37.400" errors="0">
  <testcase name="webtableTest" time="37.400" classname="day16.DynamicWebtable"/>
</testsuite> <!-- day16.DynamicWebtable -->
