<?xml version="1.0" encoding="UTF-8"?>
<!-- Generated by org.testng.reporters.JUnitReportReporter -->
<testsuite hostname="sys" name="day12.MultipleWindowHandling" tests="1" failures="0" timestamp="21 Aug 2015 03:31:55 GMT" time="27.239" errors="0">
  <testcase name="multipleWindowTest" time="27.239" classname="day12.MultipleWindowHandling"/>
</testsuite> <!-- day12.MultipleWindowHandling -->
