<?xml version="1.0" encoding="UTF-8"?>
<!-- Generated by org.testng.reporters.JUnitReportReporter -->
<testsuite hostname="sys" name="day14.MouseHover" tests="1" failures="0" timestamp="25 Aug 2015 03:11:37 GMT" time="36.879" errors="0">
  <testcase name="hoverTest" time="36.879" classname="day14.MouseHover"/>
</testsuite> <!-- day14.MouseHover -->
