<?xml version="1.0" encoding="UTF-8"?>
<!-- Generated by org.testng.reporters.JUnitReportReporter -->
<testsuite hostname="sys" name="day15.CookiesTesting" tests="1" failures="0" timestamp="26 Aug 2015 03:03:30 GMT" time="40.323" errors="0">
  <testcase name="cookiesTest" time="40.323" classname="day15.CookiesTesting"/>
</testsuite> <!-- day15.CookiesTesting -->
