<?xml version="1.0" encoding="UTF-8"?>
<!-- Generated by org.testng.reporters.JUnitReportReporter -->
<testsuite hostname="sys" name="day17.AlertHandling" tests="1" failures="0" timestamp="28 Aug 2015 03:30:25 GMT" time="12.117" errors="0">
  <testcase name="alertTest" time="12.117" classname="day17.AlertHandling"/>
</testsuite> <!-- day17.AlertHandling -->
