<?xml version="1.0" encoding="UTF-8"?>
<!-- Generated by org.testng.reporters.JUnitReportReporter -->
<testsuite hostname="sys" name="day11.RadioButtonsTesting1" tests="1" failures="0" timestamp="20 Aug 2015 03:25:22 GMT" time="36.274" errors="0">
  <testcase name="radiobttonsTest" time="36.274" classname="day11.RadioButtonsTesting1"/>
</testsuite> <!-- day11.RadioButtonsTesting1 -->
