<?xml version="1.0" encoding="UTF-8"?>
<!-- Generated by org.testng.reporters.JUnitReportReporter -->
<testsuite hostname="sys" name="day17.ClickingHiddenElements" tests="1" failures="0" timestamp="28 Aug 2015 03:40:12 GMT" time="11.136" errors="0">
  <testcase name="click" time="11.136" classname="day17.ClickingHiddenElements"/>
</testsuite> <!-- day17.ClickingHiddenElements -->
