<?xml version="1.0" encoding="UTF-8"?>
<!-- Generated by org.testng.reporters.JUnitReportReporter -->
<testsuite hostname="sys" name="day15.SliderAutomation" tests="1" failures="0" timestamp="26 Aug 2015 02:46:35 GMT" time="22.938" errors="0">
  <testcase name="sliderTest" time="22.938" classname="day15.SliderAutomation"/>
</testsuite> <!-- day15.SliderAutomation -->
