<?xml version="1.0" encoding="UTF-8"?>
<!-- Generated by org.testng.reporters.JUnitReportReporter -->
<testsuite hostname="sys" name="Project" tests="2" failures="0" timestamp="13 Sep 2015 09:39:05 GMT" time="17.355" errors="0">
  <testcase name="loginTest" time="0.365" classname="Project"/>
  <testcase name="transitionTest" time="16.990" classname="Project"/>
</testsuite> <!-- Project -->
