<?xml version="1.0" encoding="UTF-8"?>
<!-- Generated by org.testng.reporters.JUnitReportReporter -->
<testsuite hostname="sys" name="day21.DatadrivenTesting3" tests="1" failures="0" timestamp="4 Sep 2015 02:40:12 GMT" time="21.553" errors="0">
  <testcase name="linkTest" time="21.553" classname="day21.DatadrivenTesting3"/>
</testsuite> <!-- day21.DatadrivenTesting3 -->
