<?xml version="1.0" encoding="UTF-8"?>
<!-- Generated by org.testng.reporters.JUnitReportReporter -->
<testsuite hostname="sys" name="day15.AjaxTesting" tests="1" failures="0" timestamp="26 Aug 2015 03:26:39 GMT" time="31.724" errors="0">
  <testcase name="ajaxTest" time="31.724" classname="day15.AjaxTesting"/>
</testsuite> <!-- day15.AjaxTesting -->
