<?xml version="1.0" encoding="UTF-8"?>
<!-- Generated by org.testng.reporters.JUnitReportReporter -->
<testsuite hostname="sys" name="day21.GamilLogin" tests="1" failures="0" timestamp="4 Sep 2015 03:11:24 GMT" time="10.997" errors="0">
  <testcase name="loginTest" time="10.997" classname="day21.GamilLogin"/>
</testsuite> <!-- day21.GamilLogin -->
