<?xml version="1.0" encoding="UTF-8"?>
<!-- Generated by org.testng.reporters.JUnitReportReporter -->
<testsuite hostname="sys" name="day13.Frames" tests="1" failures="0" timestamp="24 Aug 2015 02:45:44 GMT" time="22.223" errors="0">
  <testcase name="framesTest" time="22.223" classname="day13.Frames"/>
</testsuite> <!-- day13.Frames -->
