<?xml version="1.0" encoding="UTF-8"?>
<!-- Generated by org.testng.reporters.JUnitReportReporter -->
<testsuite hostname="sys" name="day14.RightClick" tests="1" failures="0" timestamp="25 Aug 2015 03:28:58 GMT" time="19.685" errors="0">
  <testcase name="rightClickTest" time="19.685" classname="day14.RightClick"/>
</testsuite> <!-- day14.RightClick -->
