<?xml version="1.0" encoding="UTF-8"?>
<!-- Generated by org.testng.reporters.JUnitReportReporter -->
<testsuite hostname="sys" name="day22.Login" tests="1" failures="0" timestamp="18 Sep 2015 03:01:13 GMT" time="2.542" errors="0">
  <testcase name="loginTest" time="2.542" classname="day22.Login"/>
</testsuite> <!-- day22.Login -->
