<?xml version="1.0" encoding="UTF-8"?>
<!-- Generated by org.testng.reporters.JUnitReportReporter -->
<testsuite hostname="sys" name="day23.DropdownOnGrid" tests="2" failures="0" timestamp="9 Sep 2015 03:44:06 GMT" time="49.039" errors="0">
  <testcase name="dropdownTest" time="34.570" classname="day23.DropdownOnGrid"/>
  <testcase name="dropdownTest" time="14.469" classname="day23.DropdownOnGrid"/>
</testsuite> <!-- day23.DropdownOnGrid -->
