<?xml version="1.0" encoding="UTF-8"?>
<!-- Generated by org.testng.reporters.JUnitReportReporter -->
<testsuite hostname="sys" name="day14.Explicitwait_Fluentwait" tests="1" failures="0" timestamp="25 Aug 2015 02:50:14 GMT" time="27.140" errors="0">
  <testcase name="waitTest" time="27.140" classname="day14.Explicitwait_Fluentwait"/>
</testsuite> <!-- day14.Explicitwait_Fluentwait -->
