<?xml version="1.0" encoding="UTF-8"?>
<!-- Generated by org.testng.reporters.JUnitReportReporter -->
<testsuite hostname="sys" name="day24.YahooLogin" tests="2" failures="0" timestamp="10 Sep 2015 03:26:15 GMT" time="34.280" errors="0">
  <testcase name="loginTest" time="12.016" classname="day24.YahooLogin"/>
  <testcase name="loginTest" time="22.264" classname="day24.YahooLogin"/>
</testsuite> <!-- day24.YahooLogin -->
