<?xml version="1.0" encoding="UTF-8"?>
<!-- Generated by org.testng.reporters.JUnitReportReporter -->
<testsuite hostname="sys" name="day23.YahooLoginusingGrid" tests="1" failures="0" timestamp="9 Sep 2015 03:18:03 GMT" time="9.898" errors="0">
  <testcase name="loginTest" time="9.898" classname="day23.YahooLoginusingGrid"/>
</testsuite> <!-- day23.YahooLoginusingGrid -->
