<?xml version="1.0" encoding="UTF-8"?>
<!-- Generated by org.testng.reporters.JUnitReportReporter -->
<testsuite hostname="sys" name="day26.PomTestCase" tests="1" failures="0" timestamp="12 Sep 2015 03:29:02 GMT" time="13.770" errors="0">
  <testcase name="pomTest" time="13.770" classname="day26.PomTestCase"/>
</testsuite> <!-- day26.PomTestCase -->
