<?xml version="1.0" encoding="UTF-8"?>
<!-- Generated by org.testng.reporters.JUnitReportReporter -->
<testsuite hostname="sys" name="day11.RadioButtonsTesting2" tests="1" failures="0" timestamp="20 Aug 2015 03:35:44 GMT" time="32.170" errors="0">
  <testcase name="radiobttonsTest" time="32.170" classname="day11.RadioButtonsTesting2"/>
</testsuite> <!-- day11.RadioButtonsTesting2 -->
