<?xml version="1.0" encoding="UTF-8"?>
<!-- Generated by org.testng.reporters.JUnitReportReporter -->
<testsuite hostname="sys" name="day11.Sample" tests="2" failures="0" timestamp="20 Aug 2015 03:03:33 GMT" time="0.048" errors="0">
  <testcase name="loginTest" time="0.032" classname="day11.Sample"/>
  <testcase name="registrationTest" time="0.016" classname="day11.Sample"/>
</testsuite> <!-- day11.Sample -->
